c:\users\reed\source\repos\design_project\design_project\debug\vc141.pdb
c:\users\reed\source\repos\design_project\design_project\debug\.netframework,version=v4.6.1.assemblyattributes.obj
c:\users\reed\source\repos\design_project\design_project\debug\.netframework,version=v4.6.1.assemblyattributes.asm
c:\users\reed\source\repos\design_project\design_project\debug\tracecontroledit.obj
c:\users\reed\source\repos\design_project\design_project\debug\mainform.obj
c:\users\reed\source\repos\design_project\design_project\debug\currentlyscanning.obj
c:\users\reed\source\repos\design_project\design_project\debug\design_project.mainform.resources
c:\users\reed\source\repos\design_project\design_project\debug\design_project.tracecontroledit.resources
c:\users\reed\source\repos\design_project\design_project\debug\design_project.currentlyscanning.resources
c:\users\reed\source\repos\design_project\debug\design_project.exe
c:\users\reed\source\repos\design_project\debug\design_project.pdb
c:\users\reed\source\repos\design_project\design_project\debug\design_project.vcxproj.generateresource.cache
c:\users\reed\source\repos\design_project\design_project\debug\design_project.vcxprojresolveassemblyreference.cache
c:\users\reed\source\repos\design_project\design_project\debug\currenntlyscanning.obj
c:\users\reed\source\repos\design_project\design_project\debug\scanagendaform.obj
c:\users\reed\source\repos\design_project\design_project\debug\design_project.tlog\cl.command.1.tlog
c:\users\reed\source\repos\design_project\design_project\debug\design_project.tlog\cl.read.1.tlog
c:\users\reed\source\repos\design_project\design_project\debug\design_project.tlog\cl.write.1.tlog
c:\users\reed\source\repos\design_project\design_project\debug\design_project.tlog\design_project.write.1u.tlog
c:\users\reed\source\repos\design_project\design_project\debug\design_project.tlog\link.command.1.tlog
c:\users\reed\source\repos\design_project\design_project\debug\design_project.tlog\link.read.1.tlog
c:\users\reed\source\repos\design_project\design_project\debug\design_project.tlog\link.write.1.tlog
c:\users\reed\source\repos\design_project\design_project\debug\design_project.tlog\metagen.read.1.tlog
c:\users\reed\source\repos\design_project\design_project\debug\design_project.tlog\metagen.write.1.tlog
c:\users\reed\source\repos\design_project\design_project\debug\design_project.tlog\tzres.dll.bi
