c:\users\tuf59113\source\repos\project1\project1\debug\vc141.pdb
c:\users\tuf59113\source\repos\project1\project1\debug\scanner.obj
c:\users\tuf59113\source\repos\project1\project1\debug\rs232.obj
c:\users\tuf59113\source\repos\project1\project1\debug\myform.obj
c:\users\tuf59113\source\repos\project1\project1\debug\.netframework,version=v4.6.1.assemblyattributes.obj
c:\users\tuf59113\source\repos\project1\project1\debug\.netframework,version=v4.6.1.assemblyattributes.asm
c:\users\tuf59113\source\repos\project1\debug\project1.exe
c:\users\tuf59113\source\repos\project1\debug\project1.pdb
c:\users\tuf59113\source\repos\project1\project1\debug\project1.myform.resources
c:\users\tuf59113\source\repos\project1\project1\debug\project1.vcxproj.generateresource.cache
c:\users\tuf59113\source\repos\project1\project1\debug\project1.tlog\cl.command.1.tlog
c:\users\tuf59113\source\repos\project1\project1\debug\project1.tlog\cl.read.1.tlog
c:\users\tuf59113\source\repos\project1\project1\debug\project1.tlog\cl.write.1.tlog
c:\users\tuf59113\source\repos\project1\project1\debug\project1.tlog\link.command.1.tlog
c:\users\tuf59113\source\repos\project1\project1\debug\project1.tlog\link.read.1.tlog
c:\users\tuf59113\source\repos\project1\project1\debug\project1.tlog\link.write.1.tlog
c:\users\tuf59113\source\repos\project1\project1\debug\project1.tlog\metagen.read.1.tlog
c:\users\tuf59113\source\repos\project1\project1\debug\project1.tlog\metagen.write.1.tlog
c:\users\tuf59113\source\repos\project1\project1\debug\project1.tlog\project1.write.1u.tlog
c:\users\tuf59113\source\repos\project1\project1\debug\project1.tlog\tzres.dll.bi
